<?xml version="1.0" encoding="UTF-8"?>
<testsuite name="com.RookieWZW.spring.boot.blog.ApplicationTests" tests="0" skipped="0" failures="0" errors="0" timestamp="1970-01-01T00:00:00" hostname="DESKTOP-9VSC42B" time="0.0">
  <properties/>
  <system-out><![CDATA[00:26:37.683 [Test worker] DEBUG org.springframework.test.context.junit4.SpringJUnit4ClassRunner - SpringJUnit4ClassRunner constructor called with [class com.RookieWZW.spring.boot.blog.ApplicationTests]
00:26:37.729 [Test worker] DEBUG org.springframework.test.context.BootstrapUtils - Instantiating CacheAwareContextLoaderDelegate from class [org.springframework.test.context.cache.DefaultCacheAwareContextLoaderDelegate]
00:26:37.809 [Test worker] DEBUG org.springframework.test.context.BootstrapUtils - Instantiating BootstrapContext using constructor [public org.springframework.test.context.support.DefaultBootstrapContext(java.lang.Class,org.springframework.test.context.CacheAwareContextLoaderDelegate)]
00:26:37.854 [Test worker] DEBUG org.springframework.test.context.BootstrapUtils - Instantiating TestContextBootstrapper for test class [com.RookieWZW.spring.boot.blog.ApplicationTests] from class [org.springframework.boot.test.context.SpringBootTestContextBootstrapper]
00:26:37.893 [Test worker] INFO org.springframework.boot.test.context.SpringBootTestContextBootstrapper - Neither @ContextConfiguration nor @ContextHierarchy found for test class [com.RookieWZW.spring.boot.blog.ApplicationTests], using SpringBootContextLoader
00:26:37.920 [Test worker] DEBUG org.springframework.test.context.support.AbstractContextLoader - Did not detect default resource location for test class [com.RookieWZW.spring.boot.blog.ApplicationTests]: class path resource [com/RookieWZW/spring/boot/blog/ApplicationTests-context.xml] does not exist
00:26:37.921 [Test worker] DEBUG org.springframework.test.context.support.AbstractContextLoader - Did not detect default resource location for test class [com.RookieWZW.spring.boot.blog.ApplicationTests]: class path resource [com/RookieWZW/spring/boot/blog/ApplicationTestsContext.groovy] does not exist
00:26:37.921 [Test worker] INFO org.springframework.test.context.support.AbstractContextLoader - Could not detect default resource locations for test class [com.RookieWZW.spring.boot.blog.ApplicationTests]: no resource found for suffixes {-context.xml, Context.groovy}.
00:26:37.923 [Test worker] INFO org.springframework.test.context.support.AnnotationConfigContextLoaderUtils - Could not detect default configuration classes for test class [com.RookieWZW.spring.boot.blog.ApplicationTests]: ApplicationTests does not declare any static, non-private, non-final, nested classes annotated with @Configuration.
00:26:38.056 [Test worker] DEBUG org.springframework.test.context.support.ActiveProfilesUtils - Could not find an 'annotation declaring class' for annotation type [org.springframework.test.context.ActiveProfiles] and class [com.RookieWZW.spring.boot.blog.ApplicationTests]
00:26:38.073 [Test worker] DEBUG org.springframework.core.env.StandardEnvironment - Adding [systemProperties] PropertySource with lowest search precedence
00:26:38.073 [Test worker] DEBUG org.springframework.core.env.StandardEnvironment - Adding [systemEnvironment] PropertySource with lowest search precedence
00:26:38.074 [Test worker] DEBUG org.springframework.core.env.StandardEnvironment - Initialized StandardEnvironment with PropertySources [systemProperties,systemEnvironment]
00:26:38.096 [Test worker] DEBUG org.springframework.core.io.support.PathMatchingResourcePatternResolver - Resolved classpath location [com/RookieWZW/spring/boot/blog/] to resources [URL [file:/F:/jee-oxygen/blog/blog-user/build/classes/test/com/RookieWZW/spring/boot/blog/]]
00:26:38.098 [Test worker] DEBUG org.springframework.core.io.support.PathMatchingResourcePatternResolver - Looking for matching resources in directory tree [F:\jee-oxygen\blog\blog-user\build\classes\test\com\RookieWZW\spring\boot\blog]
00:26:38.099 [Test worker] DEBUG org.springframework.core.io.support.PathMatchingResourcePatternResolver - Searching directory [F:\jee-oxygen\blog\blog-user\build\classes\test\com\RookieWZW\spring\boot\blog] for files matching pattern [F:/jee-oxygen/blog/blog-user/build/classes/test/com/RookieWZW/spring/boot/blog/*.class]
00:26:38.107 [Test worker] DEBUG org.springframework.core.io.support.PathMatchingResourcePatternResolver - Resolved location pattern [classpath*:com/RookieWZW/spring/boot/blog/*.class] to resources [file [F:\jee-oxygen\blog\blog-user\build\classes\test\com\RookieWZW\spring\boot\blog\ApplicationTests.class]]
00:26:38.144 [Test worker] DEBUG org.springframework.core.io.support.PathMatchingResourcePatternResolver - Resolved classpath location [com/RookieWZW/spring/boot/] to resources [URL [file:/F:/jee-oxygen/blog/blog-user/build/classes/test/com/RookieWZW/spring/boot/]]
00:26:38.145 [Test worker] DEBUG org.springframework.core.io.support.PathMatchingResourcePatternResolver - Looking for matching resources in directory tree [F:\jee-oxygen\blog\blog-user\build\classes\test\com\RookieWZW\spring\boot]
00:26:38.147 [Test worker] DEBUG org.springframework.core.io.support.PathMatchingResourcePatternResolver - Searching directory [F:\jee-oxygen\blog\blog-user\build\classes\test\com\RookieWZW\spring\boot] for files matching pattern [F:/jee-oxygen/blog/blog-user/build/classes/test/com/RookieWZW/spring/boot/*.class]
00:26:38.148 [Test worker] DEBUG org.springframework.core.io.support.PathMatchingResourcePatternResolver - Resolved location pattern [classpath*:com/RookieWZW/spring/boot/*.class] to resources []
00:26:38.149 [Test worker] DEBUG org.springframework.core.io.support.PathMatchingResourcePatternResolver - Resolved classpath location [com/RookieWZW/spring/] to resources [URL [file:/F:/jee-oxygen/blog/blog-user/build/classes/test/com/RookieWZW/spring/]]
00:26:38.150 [Test worker] DEBUG org.springframework.core.io.support.PathMatchingResourcePatternResolver - Looking for matching resources in directory tree [F:\jee-oxygen\blog\blog-user\build\classes\test\com\RookieWZW\spring]
00:26:38.151 [Test worker] DEBUG org.springframework.core.io.support.PathMatchingResourcePatternResolver - Searching directory [F:\jee-oxygen\blog\blog-user\build\classes\test\com\RookieWZW\spring] for files matching pattern [F:/jee-oxygen/blog/blog-user/build/classes/test/com/RookieWZW/spring/*.class]
00:26:38.152 [Test worker] DEBUG org.springframework.core.io.support.PathMatchingResourcePatternResolver - Resolved location pattern [classpath*:com/RookieWZW/spring/*.class] to resources []
00:26:38.153 [Test worker] DEBUG org.springframework.core.io.support.PathMatchingResourcePatternResolver - Resolved classpath location [com/RookieWZW/] to resources [URL [file:/F:/jee-oxygen/blog/blog-user/build/classes/test/com/RookieWZW/]]
00:26:38.155 [Test worker] DEBUG org.springframework.core.io.support.PathMatchingResourcePatternResolver - Looking for matching resources in directory tree [F:\jee-oxygen\blog\blog-user\build\classes\test\com\RookieWZW]
00:26:38.156 [Test worker] DEBUG org.springframework.core.io.support.PathMatchingResourcePatternResolver - Searching directory [F:\jee-oxygen\blog\blog-user\build\classes\test\com\RookieWZW] for files matching pattern [F:/jee-oxygen/blog/blog-user/build/classes/test/com/RookieWZW/*.class]
00:26:38.158 [Test worker] DEBUG org.springframework.core.io.support.PathMatchingResourcePatternResolver - Resolved location pattern [classpath*:com/RookieWZW/*.class] to resources []
00:26:38.160 [Test worker] DEBUG org.springframework.core.io.support.PathMatchingResourcePatternResolver - Resolved classpath location [com/] to resources [URL [jar:file:/C:/Program%20Files/Java/jdk1.8.0_144/jre/lib/ext/mysql-connector-java-5.1.44-bin.jar!/com/], URL [file:/F:/jee-oxygen/blog/blog-user/build/classes/test/com/], URL [file:/F:/jee-oxygen/blog/blog-user/build/classes/main/com/], URL [jar:file:/D:/gradle-3.5/caches/modules-2/files-2.1/mysql/mysql-connector-java/6.0.5/9d8df5a1f3273110f2a9ad304961bdd03d696d86/mysql-connector-java-6.0.5.jar!/com/], URL [jar:file:/D:/gradle-3.5/caches/modules-2/files-2.1/com.fasterxml.jackson.core/jackson-databind/2.8.7/6c3257ef458ac58a8da69a6dca3d2a15286d88c8/jackson-databind-2.8.7.jar!/com/], URL [jar:file:/D:/gradle-3.5/caches/modules-2/files-2.1/com.jayway.jsonpath/json-path/2.2.0/22290d17944bd239fabf5ac69005a60a7ecbbbcb/json-path-2.2.0.jar!/com/], URL [jar:file:/D:/gradle-3.5/caches/modules-2/files-2.1/com.fasterxml/classmate/1.3.3/864c8e370a691e343210cc7c532fc198cee460d8/classmate-1.3.3.jar!/com/], URL [jar:file:/D:/gradle-3.5/caches/modules-2/files-2.1/com.fasterxml.jackson.core/jackson-annotations/2.8.0/45b426f7796b741035581a176744d91090e2e6fb/jackson-annotations-2.8.0.jar!/com/], URL [jar:file:/D:/gradle-3.5/caches/modules-2/files-2.1/com.fasterxml.jackson.core/jackson-core/2.8.7/8b46f39c78476fb848c81a49fa807a9e9506dddd/jackson-core-2.8.7.jar!/com/]]
00:26:38.165 [Test worker] DEBUG org.springframework.core.io.support.PathMatchingResourcePatternResolver - Looking for matching resources in jar file [file:/C:/Program%20Files/Java/jdk1.8.0_144/jre/lib/ext/mysql-connector-java-5.1.44-bin.jar]
00:26:38.180 [Test worker] DEBUG org.springframework.core.io.support.PathMatchingResourcePatternResolver - Looking for matching resources in directory tree [F:\jee-oxygen\blog\blog-user\build\classes\test\com]
00:26:38.182 [Test worker] DEBUG org.springframework.core.io.support.PathMatchingResourcePatternResolver - Searching directory [F:\jee-oxygen\blog\blog-user\build\classes\test\com] for files matching pattern [F:/jee-oxygen/blog/blog-user/build/classes/test/com/*.class]
00:26:38.183 [Test worker] DEBUG org.springframework.core.io.support.PathMatchingResourcePatternResolver - Looking for matching resources in directory tree [F:\jee-oxygen\blog\blog-user\build\classes\main\com]
00:26:38.185 [Test worker] DEBUG org.springframework.core.io.support.PathMatchingResourcePatternResolver - Searching directory [F:\jee-oxygen\blog\blog-user\build\classes\main\com] for files matching pattern [F:/jee-oxygen/blog/blog-user/build/classes/main/com/*.class]
00:26:38.186 [Test worker] DEBUG org.springframework.core.io.support.PathMatchingResourcePatternResolver - Looking for matching resources in jar file [file:/D:/gradle-3.5/caches/modules-2/files-2.1/mysql/mysql-connector-java/6.0.5/9d8df5a1f3273110f2a9ad304961bdd03d696d86/mysql-connector-java-6.0.5.jar]
00:26:38.219 [Test worker] DEBUG org.springframework.core.io.support.PathMatchingResourcePatternResolver - Looking for matching resources in jar file [file:/D:/gradle-3.5/caches/modules-2/files-2.1/com.fasterxml.jackson.core/jackson-databind/2.8.7/6c3257ef458ac58a8da69a6dca3d2a15286d88c8/jackson-databind-2.8.7.jar]
00:26:38.232 [Test worker] DEBUG org.springframework.core.io.support.PathMatchingResourcePatternResolver - Looking for matching resources in jar file [file:/D:/gradle-3.5/caches/modules-2/files-2.1/com.jayway.jsonpath/json-path/2.2.0/22290d17944bd239fabf5ac69005a60a7ecbbbcb/json-path-2.2.0.jar]
00:26:38.237 [Test worker] DEBUG org.springframework.core.io.support.PathMatchingResourcePatternResolver - Looking for matching resources in jar file [file:/D:/gradle-3.5/caches/modules-2/files-2.1/com.fasterxml/classmate/1.3.3/864c8e370a691e343210cc7c532fc198cee460d8/classmate-1.3.3.jar]
00:26:38.247 [Test worker] DEBUG org.springframework.core.io.support.PathMatchingResourcePatternResolver - Looking for matching resources in jar file [file:/D:/gradle-3.5/caches/modules-2/files-2.1/com.fasterxml.jackson.core/jackson-annotations/2.8.0/45b426f7796b741035581a176744d91090e2e6fb/jackson-annotations-2.8.0.jar]
00:26:38.252 [Test worker] DEBUG org.springframework.core.io.support.PathMatchingResourcePatternResolver - Looking for matching resources in jar file [file:/D:/gradle-3.5/caches/modules-2/files-2.1/com.fasterxml.jackson.core/jackson-core/2.8.7/8b46f39c78476fb848c81a49fa807a9e9506dddd/jackson-core-2.8.7.jar]
00:26:38.257 [Test worker] DEBUG org.springframework.core.io.support.PathMatchingResourcePatternResolver - Resolved location pattern [classpath*:com/*.class] to resources []
]]></system-out>
  <system-err><![CDATA[]]></system-err>
</testsuite>
